2026-03-12T10:31:18.217+01:00  INFO 33164 --- [main] c.D.proyecto1.Proyecto1Application       : Starting Proyecto1Application using Java 17.0.16 with PID 33164 (C:\Grado-Ucjc\Practicas2DAM_DATA\proyecto1\proyecto1\target\classes started by alfon in C:\Grado-Ucjc\Practicas2DAM_DATA\proyecto1\proyecto1)
2026-03-12T10:31:18.226+01:00  INFO 33164 --- [main] c.D.proyecto1.Proyecto1Application       : No active profile set, falling back to 1 default profile: "default"
2026-03-12T10:31:19.066+01:00  INFO 33164 --- [main] .s.d.r.c.RepositoryConfigurationDelegate : Bootstrapping Spring Data JPA repositories in DEFAULT mode.
2026-03-12T10:31:19.130+01:00  INFO 33164 --- [main] .s.d.r.c.RepositoryConfigurationDelegate : Finished Spring Data repository scanning in 53 ms. Found 3 JPA repository interfaces.
2026-03-12T10:31:19.586+01:00  INFO 33164 --- [main] o.s.b.w.embedded.tomcat.TomcatWebServer  : Tomcat initialized with port 8080 (http)
2026-03-12T10:31:19.601+01:00  INFO 33164 --- [main] o.apache.catalina.core.StandardService   : Starting service [Tomcat]
2026-03-12T10:31:19.601+01:00  INFO 33164 --- [main] o.apache.catalina.core.StandardEngine    : Starting Servlet engine: [Apache Tomcat/10.1.52]
2026-03-12T10:31:19.669+01:00  INFO 33164 --- [main] o.a.c.c.C.[Tomcat].[localhost].[/]       : Initializing Spring embedded WebApplicationContext
2026-03-12T10:31:19.669+01:00  INFO 33164 --- [main] w.s.c.ServletWebServerApplicationContext : Root WebApplicationContext: initialization completed in 1389 ms
2026-03-12T10:31:19.831+01:00  INFO 33164 --- [main] o.hibernate.jpa.internal.util.LogHelper  : HHH000204: Processing PersistenceUnitInfo [name: default]
2026-03-12T10:31:19.881+01:00  INFO 33164 --- [main] org.hibernate.Version                    : HHH000412: Hibernate ORM core version 6.6.42.Final
2026-03-12T10:31:19.917+01:00  INFO 33164 --- [main] o.h.c.internal.RegionFactoryInitiator    : HHH000026: Second-level cache disabled
2026-03-12T10:31:20.244+01:00  INFO 33164 --- [main] o.s.o.j.p.SpringPersistenceUnitInfo      : No LoadTimeWeaver setup: ignoring JPA class transformer
2026-03-12T10:31:20.279+01:00  INFO 33164 --- [main] com.zaxxer.hikari.HikariDataSource       : HikariPool-1 - Starting...
2026-03-12T10:31:20.555+01:00  INFO 33164 --- [main] com.zaxxer.hikari.pool.HikariPool        : HikariPool-1 - Added connection org.postgresql.jdbc.PgConnection@e881e46
2026-03-12T10:31:20.557+01:00  INFO 33164 --- [main] com.zaxxer.hikari.HikariDataSource       : HikariPool-1 - Start completed.
2026-03-12T10:31:20.665+01:00  INFO 33164 --- [main] org.hibernate.orm.connections.pooling    : HHH10001005: Database info:
	Database JDBC URL [Connecting through datasource 'HikariDataSource (HikariPool-1)']
	Database driver: undefined/unknown
	Database version: 16.13
	Autocommit mode: undefined/unknown
	Isolation level: undefined/unknown
	Minimum pool size: undefined/unknown
	Maximum pool size: undefined/unknown
2026-03-12T10:31:21.685+01:00  INFO 33164 --- [main] o.h.e.t.j.p.i.JtaPlatformInitiator       : HHH000489: No JTA platform available (set 'hibernate.transaction.jta.platform' to enable JTA platform integration)
2026-03-12T10:31:21.912+01:00  WARN 33164 --- [main] o.h.engine.jdbc.spi.SqlExceptionHelper   : SQL Warning Code: 0, SQLState: 00000
2026-03-12T10:31:21.913+01:00  WARN 33164 --- [main] o.h.engine.jdbc.spi.SqlExceptionHelper   : constraint "ukdlqu0nadbeiwn48uty3rus51y" of relation "alumno" does not exist, skipping
2026-03-12T10:31:21.942+01:00  INFO 33164 --- [main] j.LocalContainerEntityManagerFactoryBean : Initialized JPA EntityManagerFactory for persistence unit 'default'
2026-03-12T10:31:22.377+01:00  WARN 33164 --- [main] JpaBaseConfiguration$JpaWebConfiguration : spring.jpa.open-in-view is enabled by default. Therefore, database queries may be performed during view rendering. Explicitly configure spring.jpa.open-in-view to disable this warning
2026-03-12T10:31:22.842+01:00  INFO 33164 --- [main] o.s.b.w.embedded.tomcat.TomcatWebServer  : Tomcat started on port 8080 (http) with context path '/'
2026-03-12T10:31:22.853+01:00  INFO 33164 --- [main] c.D.proyecto1.Proyecto1Application       : Started Proyecto1Application in 5.228 seconds (process running for 5.85)
2026-03-12T10:31:32.141+01:00  INFO 33164 --- [http-nio-8080-exec-2] o.a.c.c.C.[Tomcat].[localhost].[/]       : Initializing Spring DispatcherServlet 'dispatcherServlet'
2026-03-12T10:31:32.141+01:00  INFO 33164 --- [http-nio-8080-exec-2] o.s.web.servlet.DispatcherServlet        : Initializing Servlet 'dispatcherServlet'
2026-03-12T10:31:32.143+01:00  INFO 33164 --- [http-nio-8080-exec-2] o.s.web.servlet.DispatcherServlet        : Completed initialization in 1 ms
2026-03-12T10:31:34.595+01:00  INFO 33164 --- [http-nio-8080-exec-3] c.D.proyecto1.service.CursoService       : Listando todos los cursos en DTO
2026-03-12T10:31:38.376+01:00  INFO 33164 --- [http-nio-8080-exec-6] c.D.p.service.InscripcionService         : Listando todas las inscripciones en DTO
2026-03-12T10:31:40.028+01:00  INFO 33164 --- [http-nio-8080-exec-9] c.D.proyecto1.service.AlumnoService      : Listando todos los alumnos en DTO
2026-03-12T10:32:08.717+01:00  INFO 33164 --- [http-nio-8080-exec-1] c.D.proyecto1.service.AlumnoService      : Listando todos los alumnos en DTO
2026-03-12T10:32:12.357+01:00  INFO 33164 --- [http-nio-8080-exec-5] c.D.proyecto1.service.CursoService       : Listando todos los cursos en DTO
2026-03-12T10:32:18.330+01:00  INFO 33164 --- [http-nio-8080-exec-8] c.D.proyecto1.service.AlumnoService      : Listando todos los alumnos en DTO
2026-03-12T10:32:31.629+01:00  INFO 33164 --- [http-nio-8080-exec-1] c.D.proyecto1.service.CursoService       : Listando todos los cursos en DTO
2026-03-12T10:32:40.843+01:00  INFO 33164 --- [http-nio-8080-exec-7] c.D.p.service.InscripcionService         : Listando todas las inscripciones en DTO
2026-03-12T10:34:47.666+01:00  INFO 33164 --- [RMI TCP Connection(5)-127.0.0.1] inMXBeanRegistrar$SpringApplicationAdmin : Application shutdown requested.
2026-03-12T10:34:47.669+01:00  INFO 33164 --- [RMI TCP Connection(5)-127.0.0.1] o.s.b.w.e.tomcat.GracefulShutdown        : Commencing graceful shutdown. Waiting for active requests to complete
2026-03-12T10:34:48.071+01:00  INFO 33164 --- [tomcat-shutdown] o.s.b.w.e.tomcat.GracefulShutdown        : Graceful shutdown complete
2026-03-12T10:34:48.077+01:00  INFO 33164 --- [RMI TCP Connection(5)-127.0.0.1] j.LocalContainerEntityManagerFactoryBean : Closing JPA EntityManagerFactory for persistence unit 'default'
2026-03-12T10:34:48.080+01:00  INFO 33164 --- [RMI TCP Connection(5)-127.0.0.1] com.zaxxer.hikari.HikariDataSource       : HikariPool-1 - Shutdown initiated...
2026-03-12T10:34:48.087+01:00  INFO 33164 --- [RMI TCP Connection(5)-127.0.0.1] com.zaxxer.hikari.HikariDataSource       : HikariPool-1 - Shutdown completed.
